<?xml version="1.0" encoding="UTF-8"?>
<!-- Generated by org.testng.reporters.JUnitReportReporter -->
<testsuite hostname="Rakibur-Khan" failures="0" tests="1" name="pagesTest.HomePageTest" time="12.979" errors="0" timestamp="2024-03-05T14:56:05 EST" skipped="0">
  <testcase classname="pagesTest.HomePageTest" name="clickSearchFieldTest" time="12.979"/>
</testsuite> <!-- pagesTest.HomePageTest -->
